<?xml version="1.0" encoding="UTF-8"?>
<testng-results ignored="0" total="1" passed="1" failed="0" skipped="0">
  <reporter-output>
  </reporter-output>
  <suite started-at="2021-03-05T01:48:22 CET" name="com.tests.AddProductToCart" finished-at="2021-03-05T01:48:43 CET" duration-ms="21242">
    <groups>
    </groups>
    <test started-at="2021-03-05T01:48:22 CET" name="Command line test" finished-at="2021-03-05T01:48:43 CET" duration-ms="21242">
      <class name="com.tests.AddProductToCart">
        <test-method is-config="true" signature="setUp()[pri:0, instance:com.tests.AddProductToCart@459e9125]" started-at="2021-03-05T01:48:22 CET" name="setUp" finished-at="2021-03-05T01:48:31 CET" duration-ms="9009" status="PASS">
          <reporter-output>
          </reporter-output>
        </test-method> <!-- setUp -->
        <test-method signature="addToCart()[pri:0, instance:com.tests.AddProductToCart@459e9125]" started-at="2021-03-05T01:48:31 CET" name="addToCart" finished-at="2021-03-05T01:48:43 CET" duration-ms="11523" status="PASS">
          <reporter-output>
          </reporter-output>
        </test-method> <!-- addToCart -->
        <test-method is-config="true" signature="tearDownTest()[pri:0, instance:com.tests.AddProductToCart@459e9125]" started-at="2021-03-05T01:48:43 CET" name="tearDownTest" finished-at="2021-03-05T01:48:43 CET" duration-ms="680" status="PASS">
          <reporter-output>
          </reporter-output>
        </test-method> <!-- tearDownTest -->
      </class> <!-- com.tests.AddProductToCart -->
    </test> <!-- Command line test -->
  </suite> <!-- com.tests.AddProductToCart -->
</testng-results>
